<?xml version="1.0" encoding="UTF-8"?>
<!-- Generated by org.testng.reporters.JUnitReportReporter -->
<testsuite hostname="MaxWitri.local" failures="0" tests="3" name="com.psikotestonline.webadmin.testing.steps.TestRunner" time="37.783" errors="0" timestamp="2022-09-19T14:42:50 WIB" skipped="0">
  <testcase classname="com.psikotestonline.webadmin.testing.steps.TestRunner" name="runScenario" time="10.895"/>
  <system-out/>
  <testcase classname="com.psikotestonline.webadmin.testing.steps.TestRunner" name="runScenario" time="16.108"/>
  <system-out/>
  <testcase classname="com.psikotestonline.webadmin.testing.steps.TestRunner" name="runScenario" time="10.780"/>
  <system-out/>
</testsuite> <!-- com.psikotestonline.webadmin.testing.steps.TestRunner -->
