<?xml version="1.0" encoding="UTF-8"?>
<!-- Generated by org.testng.reporters.JUnitReportReporter -->
<testsuite hostname="Muhammads-MacBook-Air.local" failures="1" tests="6" name="com.psikotestonline.webadmin.testing.steps.TestRunner" time="42.155" errors="0" timestamp="2022-09-09T13:39:09 WIB" skipped="0">
  <testcase classname="com.psikotestonline.webadmin.testing.steps.TestRunner" name="runScenario" time="5.873"/>
  <system-out/>
  <testcase classname="com.psikotestonline.webadmin.testing.steps.TestRunner" name="runScenario" time="8.311"/>
  <system-out/>
  <testcase classname="com.psikotestonline.webadmin.testing.steps.TestRunner" name="runScenario" time="5.950"/>
  <system-out/>
  <testcase classname="com.psikotestonline.webadmin.testing.steps.TestRunner" name="runScenario" time="9.289"/>
  <system-out/>
  <testcase classname="com.psikotestonline.webadmin.testing.steps.TestRunner" name="runScenario" time="5.470"/>
  <system-out/>
  <testcase classname="com.psikotestonline.webadmin.testing.steps.TestRunner" name="runScenario" time="7.262">
    <failure message="expected [true] but found [false]" type="java.lang.AssertionError">
      <![CDATA[java.lang.AssertionError: expected [true] but found [false]
at org.testng.Assert.fail(Assert.java:110)
at org.testng.Assert.failNotEquals(Assert.java:1413)
at org.testng.Assert.assertTrue(Assert.java:56)
at org.testng.Assert.assertTrue(Assert.java:66)
at com.psikotestonline.webadmin.testing.steps.TestLogin.validateGreeting(TestLogin.java:42)
at âœ½.appear popup greeting "Username atau password"(file:///Users/muhammadbaihaqy/eclipse-workspace/com.psikotestonline.webadmin.testing/src/test/resources/features/Login.feature:13)
]]>
    </failure>
  </testcase> <!-- runScenario -->
  <system-out/>
</testsuite> <!-- com.psikotestonline.webadmin.testing.steps.TestRunner -->
